2016-08-03 04:53:24 Error: Fatal Error (1): Call to a member function input() on null in [C:\xampp\htdocs\sites\Controller\SitesController.php, line 136]
2016-08-03 04:53:24 Error: [FatalErrorException] Call to a member function input() on null
Request URL: /sites/sites/edit/1
Stack Trace:
#0 C:\xampp\htdocs\sites\Vendor\cakephp\cakephp\lib\Cake\Error\ErrorHandler.php(213): ErrorHandler::handleFatalError(1, 'Call to a membe...', 'C:\\xampp\\htdocs...', 136)
#1 [internal function]: ErrorHandler::handleError(1, 'Call to a membe...', 'C:\\xampp\\htdocs...', 136, Array)
#2 C:\xampp\htdocs\sites\Vendor\cakephp\cakephp\lib\Cake\Core\App.php(970): call_user_func('ErrorHandler::h...', 1, 'Call to a membe...', 'C:\\xampp\\htdocs...', 136, Array)
#3 C:\xampp\htdocs\sites\Vendor\cakephp\cakephp\lib\Cake\Core\App.php(943): App::_checkFatalError()
#4 [internal function]: App::shutdown()
#5 {main}
2016-08-03 04:54:50 Error: Fatal Error (1): Call to a member function input() on null in [C:\xampp\htdocs\sites\Controller\SitesController.php, line 135]
2016-08-03 04:54:50 Error: [FatalErrorException] Call to a member function input() on null
Request URL: /sites/sites/edit/1
Stack Trace:
#0 C:\xampp\htdocs\sites\Vendor\cakephp\cakephp\lib\Cake\Error\ErrorHandler.php(213): ErrorHandler::handleFatalError(1, 'Call to a membe...', 'C:\\xampp\\htdocs...', 135)
#1 [internal function]: ErrorHandler::handleError(1, 'Call to a membe...', 'C:\\xampp\\htdocs...', 135, Array)
#2 C:\xampp\htdocs\sites\Vendor\cakephp\cakephp\lib\Cake\Core\App.php(970): call_user_func('ErrorHandler::h...', 1, 'Call to a membe...', 'C:\\xampp\\htdocs...', 135, Array)
#3 C:\xampp\htdocs\sites\Vendor\cakephp\cakephp\lib\Cake\Core\App.php(943): App::_checkFatalError()
#4 [internal function]: App::shutdown()
#5 {main}
